proguard/seeds.txt
com.baidu.navisdk.util.statistic.CpuStat
com.baidu.navisdk.util.statistic.CpuStat: long mStartTime
com.baidu.navisdk.util.statistic.CpuStat: long mStartValue
com.baidu.navisdk.util.statistic.CpuStat: long mEndTime
com.baidu.navisdk.util.statistic.CpuStat: long mEndValue
com.baidu.navisdk.util.statistic.CpuStat: java.lang.String mStatPath
com.baidu.navisdk.util.statistic.CpuStat: com.baidu.navisdk.util.statistic.CpuStat getInstance()
com.baidu.navisdk.util.statistic.CpuStat: CpuStat()
com.baidu.navisdk.util.statistic.CpuStat: void startProfile()
com.baidu.navisdk.util.statistic.CpuStat: void endProfile()
com.baidu.navisdk.util.statistic.CpuStat: long getProfileVal()
com.baidu.navisdk.util.statistic.CpuStat: long getStat(java.lang.String)
com.baidu.navisdk.util.statistic.CpuStat: CpuStat(com.baidu.navisdk.util.statistic.CpuStat$1)
com.baidu.navisdk.util.statistic.CpuStat$1
com.baidu.navisdk.util.statistic.CpuStat$LazyHolder
com.baidu.navisdk.util.statistic.CpuStat$LazyHolder: com.baidu.navisdk.util.statistic.CpuStat sInstance
com.baidu.navisdk.util.statistic.CpuStat$LazyHolder: CpuStat$LazyHolder()
com.baidu.navisdk.util.statistic.CpuStat$LazyHolder: com.baidu.navisdk.util.statistic.CpuStat access$100()
com.baidu.navisdk.util.statistic.CpuStat$LazyHolder: void <clinit>()
com.baidu.navisdk.util.statistic.CruiseStatItem
com.baidu.navisdk.util.statistic.CruiseStatItem: java.lang.String TAG
com.baidu.navisdk.util.statistic.CruiseStatItem: java.lang.String mCruiseFrom
com.baidu.navisdk.util.statistic.CruiseStatItem: long mStartCruiseTime
com.baidu.navisdk.util.statistic.CruiseStatItem: long mStartCruiseEngineTime
com.baidu.navisdk.util.statistic.CruiseStatItem: boolean mIsGPSLocated
com.baidu.navisdk.util.statistic.CruiseStatItem: long mTotalDistance
com.baidu.navisdk.util.statistic.CruiseStatItem: int mLostGPSCount
com.baidu.navisdk.util.statistic.CruiseStatItem: long mLocatingTime
com.baidu.navisdk.util.statistic.CruiseStatItem: java.util.ArrayList mStatPairList
com.baidu.navisdk.util.statistic.CruiseStatItem: com.baidu.navisdk.util.statistic.CruiseStatItem mInstance
com.baidu.navisdk.util.statistic.CruiseStatItem: CruiseStatItem()
com.baidu.navisdk.util.statistic.CruiseStatItem: com.baidu.navisdk.util.statistic.CruiseStatItem getInstance()
com.baidu.navisdk.util.statistic.CruiseStatItem: void onEvent()
com.baidu.navisdk.util.statistic.CruiseStatItem: void init()
com.baidu.navisdk.util.statistic.CruiseStatItem: void statTotalTimeAndDist()
com.baidu.navisdk.util.statistic.CruiseStatItem: void setCruiseFrom(java.lang.String)
com.baidu.navisdk.util.statistic.CruiseStatItem: void <clinit>()
com.baidu.navisdk.util.statistic.IBNStatisticsListener
com.baidu.navisdk.util.statistic.IBNStatisticsListener: void onEvent(android.content.Context,java.lang.String,java.lang.String)
com.baidu.navisdk.util.statistic.IBNStatisticsListener: void onEventStart(android.content.Context,java.lang.String,java.lang.String)
com.baidu.navisdk.util.statistic.IBNStatisticsListener: void onEventEnd(android.content.Context,java.lang.String,java.lang.String)
com.baidu.navisdk.util.statistic.IBNStatisticsListener: void onEventDuration(android.content.Context,java.lang.String,java.lang.String,int)
com.baidu.navisdk.util.statistic.MTJStatisticsUtil
com.baidu.navisdk.util.statistic.MTJStatisticsUtil: long mNaviStartTime
com.baidu.navisdk.util.statistic.MTJStatisticsUtil: long mNaviDuration
com.baidu.navisdk.util.statistic.MTJStatisticsUtil: long mARStartTime
com.baidu.navisdk.util.statistic.MTJStatisticsUtil: long mARDuration
com.baidu.navisdk.util.statistic.MTJStatisticsUtil: int yawingCount
com.baidu.navisdk.util.statistic.MTJStatisticsUtil: long level
com.baidu.navisdk.util.statistic.MTJStatisticsUtil: MTJStatisticsUtil()
com.baidu.navisdk.util.statistic.MTJStatisticsUtil: int getDurationLevel(long)
com.baidu.navisdk.util.statistic.MTJStatisticsUtil: void <clinit>()