proguard/mapping.txt
com.google.gson.internal.bind.TypeAdapters -> com.google.gson.internal.bind.TypeAdapters:
    com.google.gson.TypeAdapter CLASS -> CLASS
    com.google.gson.TypeAdapterFactory CLASS_FACTORY -> CLASS_FACTORY
    com.google.gson.TypeAdapter BIT_SET -> BIT_SET
    com.google.gson.TypeAdapterFactory BIT_SET_FACTORY -> BIT_SET_FACTORY
    com.google.gson.TypeAdapter BOOLEAN -> BOOLEAN
    com.google.gson.TypeAdapter BOOLEAN_AS_STRING -> BOOLEAN_AS_STRING
    com.google.gson.TypeAdapterFactory BOOLEAN_FACTORY -> BOOLEAN_FACTORY
    com.google.gson.TypeAdapter BYTE -> BYTE
    com.google.gson.TypeAdapterFactory BYTE_FACTORY -> BYTE_FACTORY
    com.google.gson.TypeAdapter SHORT -> SHORT
    com.google.gson.TypeAdapterFactory SHORT_FACTORY -> SHORT_FACTORY
    com.google.gson.TypeAdapter INTEGER -> INTEGER
    com.google.gson.TypeAdapterFactory INTEGER_FACTORY -> INTEGER_FACTORY
    com.google.gson.TypeAdapter LONG -> LONG
    com.google.gson.TypeAdapter FLOAT -> FLOAT
    com.google.gson.TypeAdapter DOUBLE -> DOUBLE
    com.google.gson.TypeAdapter NUMBER -> NUMBER
    com.google.gson.TypeAdapterFactory NUMBER_FACTORY -> NUMBER_FACTORY
    com.google.gson.TypeAdapter CHARACTER -> CHARACTER
    com.google.gson.TypeAdapterFactory CHARACTER_FACTORY -> CHARACTER_FACTORY
    com.google.gson.TypeAdapter STRING -> STRING
    com.google.gson.TypeAdapter BIG_DECIMAL -> BIG_DECIMAL
    com.google.gson.TypeAdapter BIG_INTEGER -> BIG_INTEGER
com.google.gson.internal.bind.TypeAdapters$1 -> com.google.gson.internal.bind.TypeAdapters$1:
    64:64:void write(com.google.gson.stream.JsonWriter,java.lang.Class) -> write
    69:69:java.lang.Class read(com.google.gson.stream.JsonReader) -> read
    61:61:java.lang.Object read(com.google.gson.stream.JsonReader) -> read
    61:61:void write(com.google.gson.stream.JsonWriter,java.lang.Object) -> write
com.google.gson.internal.bind.TypeAdapters$10 -> com.google.gson.internal.bind.TypeAdapters$10:
    281:285:java.lang.Number read(com.google.gson.stream.JsonReader) -> read
    289:290:void write(com.google.gson.stream.JsonWriter,java.lang.Number) -> write
    278:278:java.lang.Object read(com.google.gson.stream.JsonReader) -> read
    278:278:void write(com.google.gson.stream.JsonWriter,java.lang.Object) -> write
com.google.gson.internal.bind.TypeAdapters$11 -> com.google.gson.internal.bind.TypeAdapters$11:
    296:304:java.lang.Number read(com.google.gson.stream.JsonReader) -> read
    309:310:void write(com.google.gson.stream.JsonWriter,java.lang.Number) -> write
    293:293:java.lang.Object read(com.google.gson.stream.JsonReader) -> read
    293:293:void write(com.google.gson.stream.JsonWriter,java.lang.Object) -> write
com.google.gson.internal.bind.TypeAdapters$12 -> com.google.gson.internal.bind.TypeAdapters$12:
    318:326:java.lang.Character read(com.google.gson.stream.JsonReader) -> read
    330:331:void write(com.google.gson.stream.JsonWriter,java.lang.Character) -> write
    315:315:java.lang.Object read(com.google.gson.stream.JsonReader) -> read
    315:315:void write(com.google.gson.stream.JsonWriter,java.lang.Object) -> write
com.google.gson.internal.bind.TypeAdapters$13 -> com.google.gson.internal.bind.TypeAdapters$13:
    340:349:java.lang.String read(com.google.gson.stream.JsonReader) -> read
    353:354:void write(com.google.gson.stream.JsonWriter,java.lang.String) -> write
    337:337:java.lang.Object read(com.google.gson.stream.JsonReader) -> read
    337:337:void write(com.google.gson.stream.JsonWriter,java.lang.Object) -> write
com.google.gson.internal.bind.TypeAdapters$14 -> com.google.gson.internal.bind.TypeAdapters$14:
    359:366:java.math.BigDecimal read(com.google.gson.stream.JsonReader) -> read
    371:372:void write(com.google.gson.stream.JsonWriter,java.math.BigDecimal) -> write
    357:357:java.lang.Object read(com.google.gson.stream.JsonReader) -> read
    357:357:void write(com.google.gson.stream.JsonWriter,java.lang.Object) -> write