proguard/usage.txt
okhttp3.internal.framed.Spdy3$Writer:
    344:355:public synchronized void synReply(boolean,int,java.util.List)
    359:369:public synchronized void headers(int,java.util.List)
okhttp3.internal.framed.Variant:
    public abstract okhttp3.Protocol getProtocol()
okhttp3.internal.http.HeaderParser:
    65:66:private HeaderParser()
okhttp3.internal.http.Http1xStream:
    private static final int STATE_IDLE
    private static final int STATE_OPEN_REQUEST_BODY
    private static final int STATE_WRITING_REQUEST_BODY
    private static final int STATE_READ_RESPONSE_HEADERS
    private static final int STATE_OPEN_RESPONSE_BODY
    private static final int STATE_READING_RESPONSE_BODY
    private static final int STATE_CLOSED
    103:105:public void cancel()
    155:155:public boolean isClosed()
okhttp3.internal.http.Http1xStream$ChunkedSource:
    private static final long NO_CHUNK_YET
okhttp3.internal.http.Http2xStream:
    282:283:public void cancel()
okhttp3.internal.http.HttpDate:
    public static final long MAX_DATE
    117:118:private HttpDate()
okhttp3.internal.http.HttpEngine:
    public static final int MAX_FOLLOW_UPS
    315:316:public okio.Sink getRequestBody()
    320:324:public okio.BufferedSink getBufferedRequestBody()
    329:329:public boolean hasResponse()
    333:333:public okhttp3.Request getRequest()
    369:369:public okhttp3.internal.http.HttpEngine recover(java.io.IOException)
    410:411:public void cancel()
okhttp3.internal.http.HttpEngine$NetworkInterceptorChain:
    653:653:public okhttp3.Request request()
okhttp3.internal.http.HttpMethod:
    49:50:private HttpMethod()
okhttp3.internal.http.HttpStream:
    public static final int DISCARD_STREAM_TIMEOUT_MILLIS
    public abstract void cancel()
okhttp3.internal.http.OkHeaders:
    56:57:private OkHeaders()
    86:89:public static boolean varyMatches(okhttp3.Response,okhttp3.Headers,okhttp3.Request)
    96:96:public static boolean hasVaryAll(okhttp3.Response)
    103:103:public static boolean hasVaryAll(okhttp3.Headers)
    107:107:private static java.util.Set varyFields(okhttp3.Response)
    114:126:public static java.util.Set varyFields(okhttp3.Headers)
    137:139:public static okhttp3.Headers varyHeaders(okhttp3.Response)
    147:157:public static okhttp3.Headers varyHeaders(okhttp3.Headers,okhttp3.Headers)
    184:217:public static java.util.List parseChallenges(okhttp3.Headers,java.lang.String)
okhttp3.internal.http.RequestException:
    27:28:public RequestException(java.io.IOException)
okhttp3.internal.http.RequestLine:
    24:25:private RequestLine()
okhttp3.internal.http.StatusLine:
    public static final int HTTP_TEMP_REDIRECT
    public static final int HTTP_PERM_REDIRECT
    public static final int HTTP_CONTINUE
    41:41:public static okhttp3.internal.http.StatusLine get(okhttp3.Response)
okhttp3.internal.http.StreamAllocation:
    208:210:public okhttp3.internal.http.HttpStream stream()
    267:277:public void cancel()
okhttp3.internal.io.FileSystem:
    public abstract okio.Source source(java.io.File)
    public abstract okio.Sink sink(java.io.File)
    public abstract okio.Sink appendingSink(java.io.File)
    public abstract void deleteContents(java.io.File)
okhttp3.internal.io.FileSystem$1:
    44:44:public okio.Source source(java.io.File)
    49:53:public okio.Sink sink(java.io.File)
    59:63:public okio.Sink appendingSink(java.io.File)
    90:102:public void deleteContents(java.io.File)
okhttp3.internal.io.RealConnection:
    302:302:boolean isConnected()
    311:312:public void cancel()
    369:369:public boolean isMultiplexed()
    373:376:public okhttp3.Protocol protocol()
okhttp3.internal.tls.OkHostnameVerifier:
    private static final int ALT_DNS_NAME
    private static final int ALT_IPA_NAME
okio.Base64:
    26:27:private Base64()
    31:107:public static byte[] decode(java.lang.String)
    129:129:public static java.lang.String encodeUrl(byte[])